2013-11-26 DEBUG [main] (main.java:26) - This is a Debug
2013-11-26  INFO [main] (main.java:27) - This is an Info
2013-11-26  WARN [main] (main.java:28) - This is a Warn
2013-11-26 ERROR [main] (main.java:29) - This is an Error
2013-11-26 FATAL [main] (main.java:30) - This is a Fatal
2013-11-26 DEBUG [main] (main.java:26) - This is a Debug
2013-11-26  INFO [main] (main.java:27) - This is an Info
2013-11-26  WARN [main] (main.java:28) - This is a Warn
2013-11-26 ERROR [main] (main.java:29) - This is an Error
2013-11-26 FATAL [main] (main.java:30) - This is a Fatal
2013-11-26 DEBUG [main] (main.java:26) - This is a Debug
2013-11-26  INFO [main] (main.java:27) - This is an Info
2013-11-26  WARN [main] (main.java:28) - This is a Warn
2013-11-26 ERROR [main] (main.java:29) - This is an Error
2013-11-26 FATAL [main] (main.java:30) - This is a Fatal
2013-11-26 DEBUG [main] (main.java:26) - This is a Debug
2013-11-26  INFO [main] (main.java:27) - This is an Info
2013-11-26  WARN [main] (main.java:28) - This is a Warn
2013-11-26 ERROR [main] (main.java:29) - This is an Error
2013-11-26 FATAL [main] (main.java:30) - This is a Fatal
